# JRE version: Java(TM) SE Runtime Environment (8.0_271-b09) (build 1.8.0_271-b09)
# Java VM: Java HotSpot(TM) 64-Bit Server VM (25.271-b09 mixed mode windows-amd64 compressed oops)
Heap:
 PSYoungGen      total 277504K, used 166540K [0x00000000eab00000, 0x00000000fbd00000, 0x0000000100000000)
  eden space 275968K, 59% used [0x00000000eab00000,0x00000000f4cb3000,0x00000000fb880000)
  from space 1536K, 62% used [0x00000000fba80000,0x00000000fbb70000,0x00000000fbc00000)
  to   space 2048K, 0% used [0x00000000fb880000,0x00000000fb880000,0x00000000fba80000)
 ParOldGen       total 659456K, used 516537K [0x00000000c0000000, 0x00000000e8400000, 0x00000000eab00000)
  object space 659456K, 78% used [0x00000000c0000000,0x00000000df86e720,0x00000000e8400000)
 Metaspace       used 14804K, capacity 15392K, committed 15616K, reserved 1062912K
  class space    used 2133K, capacity 2279K, committed 2304K, reserved 1048576K
GC Heap History (10 events):
Event: 35.929 GC heap before
{Heap before GC invocations=143 (full 36):
 PSYoungGen      total 275968K, used 274144K [0x00000000eab00000, 0x00000000fba80000, 0x0000000100000000)
  eden space 273920K, 100% used [0x00000000eab00000,0x00000000fb680000,0x00000000fb680000)
  from space 2048K, 10% used [0x00000000fb880000,0x00000000fb8b8000,0x00000000fba80000)
  to   space 2048K, 0% used [0x00000000fb680000,0x00000000fb680000,0x00000000fb880000)
 ParOldGen       total 659456K, used 516537K [0x00000000c0000000, 0x00000000e8400000, 0x00000000eab00000)
  object space 659456K, 78% used [0x00000000c0000000,0x00000000df86e720,0x00000000e8400000)
 Metaspace       used 14804K, capacity 15392K, committed 15616K, reserved 1062912K
  class space    used 2133K, capacity 2279K, committed 2304K, reserved 1048576K
Event: 35.930 GC heap after
Heap after GC invocations=143 (full 36):
 PSYoungGen      total 275968K, used 608K [0x00000000eab00000, 0x00000000fba80000, 0x0000000100000000)
  eden space 273920K, 0% used [0x00000000eab00000,0x00000000eab00000,0x00000000fb680000)
  from space 2048K, 29% used [0x00000000fb680000,0x00000000fb718000,0x00000000fb880000)
  to   space 1536K, 0% used [0x00000000fb900000,0x00000000fb900000,0x00000000fba80000)
 ParOldGen       total 659456K, used 516537K [0x00000000c0000000, 0x00000000e8400000, 0x00000000eab00000)
  object space 659456K, 78% used [0x00000000c0000000,0x00000000df86e720,0x00000000e8400000)
 Metaspace       used 14804K, capacity 15392K, committed 15616K, reserved 1062912K
  class space    used 2133K, capacity 2279K, committed 2304K, reserved 1048576K
}
Event: 36.127 GC heap before
{Heap before GC invocations=144 (full 36):
 PSYoungGen      total 275968K, used 274528K [0x00000000eab00000, 0x00000000fba80000, 0x0000000100000000)
  eden space 273920K, 100% used [0x00000000eab00000,0x00000000fb680000,0x00000000fb680000)
  from space 2048K, 29% used [0x00000000fb680000,0x00000000fb718000,0x00000000fb880000)
  to   space 1536K, 0% used [0x00000000fb900000,0x00000000fb900000,0x00000000fba80000)
 ParOldGen       total 659456K, used 516537K [0x00000000c0000000, 0x00000000e8400000, 0x00000000eab00000)
  object space 659456K, 78% used [0x00000000c0000000,0x00000000df86e720,0x00000000e8400000)
 Metaspace       used 14804K, capacity 15392K, committed 15616K, reserved 1062912K
  class space    used 2133K, capacity 2279K, committed 2304K, reserved 1048576K
Event: 36.129 GC heap after
Heap after GC invocations=144 (full 36):
 PSYoungGen      total 275968K, used 960K [0x00000000eab00000, 0x00000000fbb80000, 0x0000000100000000)
  eden space 274432K, 0% used [0x00000000eab00000,0x00000000eab00000,0x00000000fb700000)
  from space 1536K, 62% used [0x00000000fb900000,0x00000000fb9f0000,0x00000000fba80000)
  to   space 2048K, 0% used [0x00000000fb700000,0x00000000fb700000,0x00000000fb900000)
 ParOldGen       total 659456K, used 516537K [0x00000000c0000000, 0x00000000e8400000, 0x00000000eab00000)
  object space 659456K, 78% used [0x00000000c0000000,0x00000000df86e720,0x00000000e8400000)
 Metaspace       used 14804K, capacity 15392K, committed 15616K, reserved 1062912K
  class space    used 2133K, capacity 2279K, committed 2304K, reserved 1048576K
}
Event: 36.282 GC heap before
{Heap before GC invocations=145 (full 36):
 PSYoungGen      total 275968K, used 275392K [0x00000000eab00000, 0x00000000fbb80000, 0x0000000100000000)
  eden space 274432K, 100% used [0x00000000eab00000,0x00000000fb700000,0x00000000fb700000)
  from space 1536K, 62% used [0x00000000fb900000,0x00000000fb9f0000,0x00000000fba80000)
  to   space 2048K, 0% used [0x00000000fb700000,0x00000000fb700000,0x00000000fb900000)
 ParOldGen       total 659456K, used 516537K [0x00000000c0000000, 0x00000000e8400000, 0x00000000eab00000)
  object space 659456K, 78% used [0x00000000c0000000,0x00000000df86e720,0x00000000e8400000)
 Metaspace       used 14804K, capacity 15392K, committed 15616K, reserved 1062912K
  class space    used 2133K, capacity 2279K, committed 2304K, reserved 1048576K
Event: 36.283 GC heap after
Heap after GC invocations=145 (full 36):
 PSYoungGen      total 276480K, used 128K [0x00000000eab00000, 0x00000000fbc00000, 0x0000000100000000)
  eden space 274432K, 0% used [0x00000000eab00000,0x00000000eab00000,0x00000000fb700000)
  from space 2048K, 6% used [0x00000000fb700000,0x00000000fb720000,0x00000000fb900000)
  to   space 2048K, 0% used [0x00000000fba00000,0x00000000fba00000,0x00000000fbc00000)
 ParOldGen       total 659456K, used 516537K [0x00000000c0000000, 0x00000000e8400000, 0x00000000eab00000)
  object space 659456K, 78% used [0x00000000c0000000,0x00000000df86e720,0x00000000e8400000)
 Metaspace       used 14804K, capacity 15392K, committed 15616K, reserved 1062912K
  class space    used 2133K, capacity 2279K, committed 2304K, reserved 1048576K
}
Event: 36.439 GC heap before
{Heap before GC invocations=146 (full 36):
 PSYoungGen      total 276480K, used 274560K [0x00000000eab00000, 0x00000000fbc00000, 0x0000000100000000)
  eden space 274432K, 100% used [0x00000000eab00000,0x00000000fb700000,0x00000000fb700000)
  from space 2048K, 6% used [0x00000000fb700000,0x00000000fb720000,0x00000000fb900000)
  to   space 2048K, 0% used [0x00000000fba00000,0x00000000fba00000,0x00000000fbc00000)
 ParOldGen       total 659456K, used 516537K [0x00000000c0000000, 0x00000000e8400000, 0x00000000eab00000)
  object space 659456K, 78% used [0x00000000c0000000,0x00000000df86e720,0x00000000e8400000)
 Metaspace       used 14804K, capacity 15392K, committed 15616K, reserved 1062912K
  class space    used 2133K, capacity 2279K, committed 2304K, reserved 1048576K
Event: 36.440 GC heap after
Heap after GC invocations=146 (full 36):
 PSYoungGen      total 276480K, used 224K [0x00000000eab00000, 0x00000000fbb00000, 0x0000000100000000)
  eden space 275456K, 0% used [0x00000000eab00000,0x00000000eab00000,0x00000000fb800000)
  from space 1024K, 21% used [0x00000000fba00000,0x00000000fba38000,0x00000000fbb00000)
  to   space 1536K, 0% used [0x00000000fb800000,0x00000000fb800000,0x00000000fb980000)
 ParOldGen       total 659456K, used 516537K [0x00000000c0000000, 0x00000000e8400000, 0x00000000eab00000)
  object space 659456K, 78% used [0x00000000c0000000,0x00000000df86e720,0x00000000e8400000)
 Metaspace       used 14804K, capacity 15392K, committed 15616K, reserved 1062912K
  class space    used 2133K, capacity 2279K, committed 2304K, reserved 1048576K
}
Event: 36.609 GC heap before
{Heap before GC invocations=147 (full 36):
 PSYoungGen      total 276480K, used 275680K [0x00000000eab00000, 0x00000000fbb00000, 0x0000000100000000)
  eden space 275456K, 100% used [0x00000000eab00000,0x00000000fb800000,0x00000000fb800000)
  from space 1024K, 21% used [0x00000000fba00000,0x00000000fba38000,0x00000000fbb00000)
  to   space 1536K, 0% used [0x00000000fb800000,0x00000000fb800000,0x00000000fb980000)
 ParOldGen       total 659456K, used 516537K [0x00000000c0000000, 0x00000000e8400000, 0x00000000eab00000)
  object space 659456K, 78% used [0x00000000c0000000,0x00000000df86e720,0x00000000e8400000)
 Metaspace       used 14804K, capacity 15392K, committed 15616K, reserved 1062912K
  class space    used 2133K, capacity 2279K, committed 2304K, reserved 1048576K
Event: 36.610 GC heap after
Heap after GC invocations=147 (full 36):
 PSYoungGen      total 276992K, used 640K [0x00000000eab00000, 0x00000000fbc00000, 0x0000000100000000)
  eden space 275456K, 0% used [0x00000000eab00000,0x00000000eab00000,0x00000000fb800000)
  from space 1536K, 41% used [0x00000000fb800000,0x00000000fb8a0000,0x00000000fb980000)
  to   space 1536K, 0% used [0x00000000fba80000,0x00000000fba80000,0x00000000fbc00000)
 ParOldGen       total 659456K, used 516537K [0x00000000c0000000, 0x00000000e8400000, 0x00000000eab00000)
  object space 659456K, 78% used [0x00000000c0000000,0x00000000df86e720,0x00000000e8400000)
 Metaspace       used 14804K, capacity 15392K, committed 15616K, reserved 1062912K
  class space    used 2133K, capacity 2279K, committed 2304K, reserved 1048576K
}

