# JRE version: Java(TM) SE Runtime Environment (8.0_271-b09) (build 1.8.0_271-b09)
# Java VM: Java HotSpot(TM) 64-Bit Server VM (25.271-b09 mixed mode windows-amd64 compressed oops)
Heap:
 PSYoungGen      total 266752K, used 74573K [0x00000000eab00000, 0x00000000fb180000, 0x0000000100000000)
  eden space 264704K, 28% used [0x00000000eab00000,0x00000000ef3636e0,0x00000000fad80000)
  from space 2048K, 21% used [0x00000000faf80000,0x00000000faff0000,0x00000000fb180000)
  to   space 2048K, 0% used [0x00000000fad80000,0x00000000fad80000,0x00000000faf80000)
 ParOldGen       total 631296K, used 516651K [0x00000000c0000000, 0x00000000e6880000, 0x00000000eab00000)
  object space 631296K, 81% used [0x00000000c0000000,0x00000000df88aca8,0x00000000e6880000)
 Metaspace       used 14806K, capacity 15392K, committed 15616K, reserved 1062912K
  class space    used 2130K, capacity 2279K, committed 2304K, reserved 1048576K
GC Heap History (10 events):
Event: 49.337 GC heap before
{Heap before GC invocations=145 (full 32):
 PSYoungGen      total 263680K, used 262464K [0x00000000eab00000, 0x00000000fae00000, 0x0000000100000000)
  eden space 262144K, 100% used [0x00000000eab00000,0x00000000fab00000,0x00000000fab00000)
  from space 1536K, 20% used [0x00000000fac80000,0x00000000facd0000,0x00000000fae00000)
  to   space 1536K, 0% used [0x00000000fab00000,0x00000000fab00000,0x00000000fac80000)
 ParOldGen       total 631296K, used 516651K [0x00000000c0000000, 0x00000000e6880000, 0x00000000eab00000)
  object space 631296K, 81% used [0x00000000c0000000,0x00000000df88aca8,0x00000000e6880000)
 Metaspace       used 14804K, capacity 15392K, committed 15616K, reserved 1062912K
  class space    used 2130K, capacity 2279K, committed 2304K, reserved 1048576K
Event: 49.338 GC heap after
Heap after GC invocations=145 (full 32):
 PSYoungGen      total 263680K, used 416K [0x00000000eab00000, 0x00000000faf00000, 0x0000000100000000)
  eden space 262144K, 0% used [0x00000000eab00000,0x00000000eab00000,0x00000000fab00000)
  from space 1536K, 27% used [0x00000000fab00000,0x00000000fab68000,0x00000000fac80000)
  to   space 1536K, 0% used [0x00000000fad80000,0x00000000fad80000,0x00000000faf00000)
 ParOldGen       total 631296K, used 516651K [0x00000000c0000000, 0x00000000e6880000, 0x00000000eab00000)
  object space 631296K, 81% used [0x00000000c0000000,0x00000000df88aca8,0x00000000e6880000)
 Metaspace       used 14804K, capacity 15392K, committed 15616K, reserved 1062912K
  class space    used 2130K, capacity 2279K, committed 2304K, reserved 1048576K
}
Event: 49.482 GC heap before
{Heap before GC invocations=146 (full 32):
 PSYoungGen      total 263680K, used 262560K [0x00000000eab00000, 0x00000000faf00000, 0x0000000100000000)
  eden space 262144K, 100% used [0x00000000eab00000,0x00000000fab00000,0x00000000fab00000)
  from space 1536K, 27% used [0x00000000fab00000,0x00000000fab68000,0x00000000fac80000)
  to   space 1536K, 0% used [0x00000000fad80000,0x00000000fad80000,0x00000000faf00000)
 ParOldGen       total 631296K, used 516651K [0x00000000c0000000, 0x00000000e6880000, 0x00000000eab00000)
  object space 631296K, 81% used [0x00000000c0000000,0x00000000df88aca8,0x00000000e6880000)
 Metaspace       used 14804K, capacity 15392K, committed 15616K, reserved 1062912K
  class space    used 2130K, capacity 2279K, committed 2304K, reserved 1048576K
Event: 49.483 GC heap after
Heap after GC invocations=146 (full 32):
 PSYoungGen      total 264704K, used 768K [0x00000000eab00000, 0x00000000faf00000, 0x0000000100000000)
  eden space 263168K, 0% used [0x00000000eab00000,0x00000000eab00000,0x00000000fac00000)
  from space 1536K, 50% used [0x00000000fad80000,0x00000000fae40000,0x00000000faf00000)
  to   space 1536K, 0% used [0x00000000fac00000,0x00000000fac00000,0x00000000fad80000)
 ParOldGen       total 631296K, used 516651K [0x00000000c0000000, 0x00000000e6880000, 0x00000000eab00000)
  object space 631296K, 81% used [0x00000000c0000000,0x00000000df88aca8,0x00000000e6880000)
 Metaspace       used 14804K, capacity 15392K, committed 15616K, reserved 1062912K
  class space    used 2130K, capacity 2279K, committed 2304K, reserved 1048576K
}
Event: 49.625 GC heap before
{Heap before GC invocations=147 (full 32):
 PSYoungGen      total 264704K, used 263936K [0x00000000eab00000, 0x00000000faf00000, 0x0000000100000000)
  eden space 263168K, 100% used [0x00000000eab00000,0x00000000fac00000,0x00000000fac00000)
  from space 1536K, 50% used [0x00000000fad80000,0x00000000fae40000,0x00000000faf00000)
  to   space 1536K, 0% used [0x00000000fac00000,0x00000000fac00000,0x00000000fad80000)
 ParOldGen       total 631296K, used 516651K [0x00000000c0000000, 0x00000000e6880000, 0x00000000eab00000)
  object space 631296K, 81% used [0x00000000c0000000,0x00000000df88aca8,0x00000000e6880000)
 Metaspace       used 14804K, capacity 15392K, committed 15616K, reserved 1062912K
  class space    used 2130K, capacity 2279K, committed 2304K, reserved 1048576K
Event: 49.626 GC heap after
Heap after GC invocations=147 (full 32):
 PSYoungGen      total 264704K, used 1232K [0x00000000eab00000, 0x00000000fb000000, 0x0000000100000000)
  eden space 263168K, 0% used [0x00000000eab00000,0x00000000eab00000,0x00000000fac00000)
  from space 1536K, 80% used [0x00000000fac00000,0x00000000fad34010,0x00000000fad80000)
  to   space 1536K, 0% used [0x00000000fae80000,0x00000000fae80000,0x00000000fb000000)
 ParOldGen       total 631296K, used 516651K [0x00000000c0000000, 0x00000000e6880000, 0x00000000eab00000)
  object space 631296K, 81% used [0x00000000c0000000,0x00000000df88aca8,0x00000000e6880000)
 Metaspace       used 14804K, capacity 15392K, committed 15616K, reserved 1062912K
  class space    used 2130K, capacity 2279K, committed 2304K, reserved 1048576K
}
Event: 49.769 GC heap before
{Heap before GC invocations=148 (full 32):
 PSYoungGen      total 264704K, used 264400K [0x00000000eab00000, 0x00000000fb000000, 0x0000000100000000)
  eden space 263168K, 100% used [0x00000000eab00000,0x00000000fac00000,0x00000000fac00000)
  from space 1536K, 80% used [0x00000000fac00000,0x00000000fad34010,0x00000000fad80000)
  to   space 1536K, 0% used [0x00000000fae80000,0x00000000fae80000,0x00000000fb000000)
 ParOldGen       total 631296K, used 516651K [0x00000000c0000000, 0x00000000e6880000, 0x00000000eab00000)
  object space 631296K, 81% used [0x00000000c0000000,0x00000000df88aca8,0x00000000e6880000)
 Metaspace       used 14804K, capacity 15392K, committed 15616K, reserved 1062912K
  class space    used 2130K, capacity 2279K, committed 2304K, reserved 1048576K
Event: 49.771 GC heap after
Heap after GC invocations=148 (full 32):
 PSYoungGen      total 265216K, used 1536K [0x00000000eab00000, 0x00000000fb100000, 0x0000000100000000)
  eden space 263680K, 0% used [0x00000000eab00000,0x00000000eab00000,0x00000000fac80000)
  from space 1536K, 100% used [0x00000000fae80000,0x00000000fb000000,0x00000000fb000000)
  to   space 2048K, 0% used [0x00000000fac80000,0x00000000fac80000,0x00000000fae80000)
 ParOldGen       total 631296K, used 516651K [0x00000000c0000000, 0x00000000e6880000, 0x00000000eab00000)
  object space 631296K, 81% used [0x00000000c0000000,0x00000000df88aca8,0x00000000e6880000)
 Metaspace       used 14804K, capacity 15392K, committed 15616K, reserved 1062912K
  class space    used 2130K, capacity 2279K, committed 2304K, reserved 1048576K
}
Event: 49.923 GC heap before
{Heap before GC invocations=149 (full 32):
 PSYoungGen      total 265216K, used 265216K [0x00000000eab00000, 0x00000000fb100000, 0x0000000100000000)
  eden space 263680K, 100% used [0x00000000eab00000,0x00000000fac80000,0x00000000fac80000)
  from space 1536K, 100% used [0x00000000fae80000,0x00000000fb000000,0x00000000fb000000)
  to   space 2048K, 0% used [0x00000000fac80000,0x00000000fac80000,0x00000000fae80000)
 ParOldGen       total 631296K, used 516651K [0x00000000c0000000, 0x00000000e6880000, 0x00000000eab00000)
  object space 631296K, 81% used [0x00000000c0000000,0x00000000df88aca8,0x00000000e6880000)
 Metaspace       used 14806K, capacity 15392K, committed 15616K, reserved 1062912K
  class space    used 2130K, capacity 2279K, committed 2304K, reserved 1048576K
Event: 49.924 GC heap after
Heap after GC invocations=149 (full 32):
 PSYoungGen      total 265728K, used 192K [0x00000000eab00000, 0x00000000fb180000, 0x0000000100000000)
  eden space 263680K, 0% used [0x00000000eab00000,0x00000000eab00000,0x00000000fac80000)
  from space 2048K, 9% used [0x00000000fac80000,0x00000000facb0000,0x00000000fae80000)
  to   space 2048K, 0% used [0x00000000faf80000,0x00000000faf80000,0x00000000fb180000)
 ParOldGen       total 631296K, used 516651K [0x00000000c0000000, 0x00000000e6880000, 0x00000000eab00000)
  object space 631296K, 81% used [0x00000000c0000000,0x00000000df88aca8,0x00000000e6880000)
 Metaspace       used 14806K, capacity 15392K, committed 15616K, reserved 1062912K
  class space    used 2130K, capacity 2279K, committed 2304K, reserved 1048576K
}

