# JRE version: Java(TM) SE Runtime Environment (8.0_271-b09) (build 1.8.0_271-b09)
# Java VM: Java HotSpot(TM) 64-Bit Server VM (25.271-b09 mixed mode windows-amd64 compressed oops)
Heap:
 PSYoungGen      total 280064K, used 28440K [0x00000000eab00000, 0x00000000fc000000, 0x0000000100000000)
  eden space 278016K, 9% used [0x00000000eab00000,0x00000000ec626350,0x00000000fba80000)
  from space 2048K, 31% used [0x00000000fba80000,0x00000000fbb20000,0x00000000fbc80000)
  to   space 2048K, 0% used [0x00000000fbe00000,0x00000000fbe00000,0x00000000fc000000)
 ParOldGen       total 622080K, used 516592K [0x00000000c0000000, 0x00000000e5f80000, 0x00000000eab00000)
  object space 622080K, 83% used [0x00000000c0000000,0x00000000df87c178,0x00000000e5f80000)
 Metaspace       used 14892K, capacity 15520K, committed 15616K, reserved 1062912K
  class space    used 2132K, capacity 2279K, committed 2304K, reserved 1048576K
GC Heap History (10 events):
Event: 37.326 GC heap before
{Heap before GC invocations=139 (full 31):
 PSYoungGen      total 276992K, used 275168K [0x00000000eab00000, 0x00000000fbb80000, 0x0000000100000000)
  eden space 274944K, 100% used [0x00000000eab00000,0x00000000fb780000,0x00000000fb780000)
  from space 2048K, 10% used [0x00000000fb780000,0x00000000fb7b8000,0x00000000fb980000)
  to   space 1536K, 0% used [0x00000000fba00000,0x00000000fba00000,0x00000000fbb80000)
 ParOldGen       total 622080K, used 516592K [0x00000000c0000000, 0x00000000e5f80000, 0x00000000eab00000)
  object space 622080K, 83% used [0x00000000c0000000,0x00000000df87c178,0x00000000e5f80000)
 Metaspace       used 14889K, capacity 15520K, committed 15616K, reserved 1062912K
  class space    used 2132K, capacity 2279K, committed 2304K, reserved 1048576K
Event: 37.327 GC heap after
Heap after GC invocations=139 (full 31):
 PSYoungGen      total 277504K, used 672K [0x00000000eab00000, 0x00000000fbb80000, 0x0000000100000000)
  eden space 275968K, 0% used [0x00000000eab00000,0x00000000eab00000,0x00000000fb880000)
  from space 1536K, 43% used [0x00000000fba00000,0x00000000fbaa8000,0x00000000fbb80000)
  to   space 1536K, 0% used [0x00000000fb880000,0x00000000fb880000,0x00000000fba00000)
 ParOldGen       total 622080K, used 516592K [0x00000000c0000000, 0x00000000e5f80000, 0x00000000eab00000)
  object space 622080K, 83% used [0x00000000c0000000,0x00000000df87c178,0x00000000e5f80000)
 Metaspace       used 14889K, capacity 15520K, committed 15616K, reserved 1062912K
  class space    used 2132K, capacity 2279K, committed 2304K, reserved 1048576K
}
Event: 37.496 GC heap before
{Heap before GC invocations=140 (full 31):
 PSYoungGen      total 277504K, used 276640K [0x00000000eab00000, 0x00000000fbb80000, 0x0000000100000000)
  eden space 275968K, 100% used [0x00000000eab00000,0x00000000fb880000,0x00000000fb880000)
  from space 1536K, 43% used [0x00000000fba00000,0x00000000fbaa8000,0x00000000fbb80000)
  to   space 1536K, 0% used [0x00000000fb880000,0x00000000fb880000,0x00000000fba00000)
 ParOldGen       total 622080K, used 516592K [0x00000000c0000000, 0x00000000e5f80000, 0x00000000eab00000)
  object space 622080K, 83% used [0x00000000c0000000,0x00000000df87c178,0x00000000e5f80000)
 Metaspace       used 14889K, capacity 15520K, committed 15616K, reserved 1062912K
  class space    used 2132K, capacity 2279K, committed 2304K, reserved 1048576K
Event: 37.497 GC heap after
Heap after GC invocations=140 (full 31):
 PSYoungGen      total 277504K, used 960K [0x00000000eab00000, 0x00000000fbd80000, 0x0000000100000000)
  eden space 275968K, 0% used [0x00000000eab00000,0x00000000eab00000,0x00000000fb880000)
  from space 1536K, 62% used [0x00000000fb880000,0x00000000fb970000,0x00000000fba00000)
  to   space 2048K, 0% used [0x00000000fbb80000,0x00000000fbb80000,0x00000000fbd80000)
 ParOldGen       total 622080K, used 516592K [0x00000000c0000000, 0x00000000e5f80000, 0x00000000eab00000)
  object space 622080K, 83% used [0x00000000c0000000,0x00000000df87c178,0x00000000e5f80000)
 Metaspace       used 14889K, capacity 15520K, committed 15616K, reserved 1062912K
  class space    used 2132K, capacity 2279K, committed 2304K, reserved 1048576K
}
Event: 37.669 GC heap before
{Heap before GC invocations=141 (full 31):
 PSYoungGen      total 277504K, used 276928K [0x00000000eab00000, 0x00000000fbd80000, 0x0000000100000000)
  eden space 275968K, 100% used [0x00000000eab00000,0x00000000fb880000,0x00000000fb880000)
  from space 1536K, 62% used [0x00000000fb880000,0x00000000fb970000,0x00000000fba00000)
  to   space 2048K, 0% used [0x00000000fbb80000,0x00000000fbb80000,0x00000000fbd80000)
 ParOldGen       total 622080K, used 516592K [0x00000000c0000000, 0x00000000e5f80000, 0x00000000eab00000)
  object space 622080K, 83% used [0x00000000c0000000,0x00000000df87c178,0x00000000e5f80000)
 Metaspace       used 14889K, capacity 15520K, committed 15616K, reserved 1062912K
  class space    used 2132K, capacity 2279K, committed 2304K, reserved 1048576K
Event: 37.672 GC heap after
Heap after GC invocations=141 (full 31):
 PSYoungGen      total 279040K, used 1376K [0x00000000eab00000, 0x00000000fbe00000, 0x0000000100000000)
  eden space 276992K, 0% used [0x00000000eab00000,0x00000000eab00000,0x00000000fb980000)
  from space 2048K, 67% used [0x00000000fbb80000,0x00000000fbcd8000,0x00000000fbd80000)
  to   space 2048K, 0% used [0x00000000fb980000,0x00000000fb980000,0x00000000fbb80000)
 ParOldGen       total 622080K, used 516592K [0x00000000c0000000, 0x00000000e5f80000, 0x00000000eab00000)
  object space 622080K, 83% used [0x00000000c0000000,0x00000000df87c178,0x00000000e5f80000)
 Metaspace       used 14889K, capacity 15520K, committed 15616K, reserved 1062912K
  class space    used 2132K, capacity 2279K, committed 2304K, reserved 1048576K
}
Event: 37.836 GC heap before
{Heap before GC invocations=142 (full 31):
 PSYoungGen      total 279040K, used 278368K [0x00000000eab00000, 0x00000000fbe00000, 0x0000000100000000)
  eden space 276992K, 100% used [0x00000000eab00000,0x00000000fb980000,0x00000000fb980000)
  from space 2048K, 67% used [0x00000000fbb80000,0x00000000fbcd8000,0x00000000fbd80000)
  to   space 2048K, 0% used [0x00000000fb980000,0x00000000fb980000,0x00000000fbb80000)
 ParOldGen       total 622080K, used 516592K [0x00000000c0000000, 0x00000000e5f80000, 0x00000000eab00000)
  object space 622080K, 83% used [0x00000000c0000000,0x00000000df87c178,0x00000000e5f80000)
 Metaspace       used 14889K, capacity 15520K, committed 15616K, reserved 1062912K
  class space    used 2132K, capacity 2279K, committed 2304K, reserved 1048576K
Event: 37.837 GC heap after
Heap after GC invocations=142 (full 31):
 PSYoungGen      total 279040K, used 1696K [0x00000000eab00000, 0x00000000fc000000, 0x0000000100000000)
  eden space 276992K, 0% used [0x00000000eab00000,0x00000000eab00000,0x00000000fb980000)
  from space 2048K, 82% used [0x00000000fb980000,0x00000000fbb28000,0x00000000fbb80000)
  to   space 2560K, 0% used [0x00000000fbd80000,0x00000000fbd80000,0x00000000fc000000)
 ParOldGen       total 622080K, used 516592K [0x00000000c0000000, 0x00000000e5f80000, 0x00000000eab00000)
  object space 622080K, 83% used [0x00000000c0000000,0x00000000df87c178,0x00000000e5f80000)
 Metaspace       used 14889K, capacity 15520K, committed 15616K, reserved 1062912K
  class space    used 2132K, capacity 2279K, committed 2304K, reserved 1048576K
}
Event: 37.990 GC heap before
{Heap before GC invocations=143 (full 31):
 PSYoungGen      total 279040K, used 278688K [0x00000000eab00000, 0x00000000fc000000, 0x0000000100000000)
  eden space 276992K, 100% used [0x00000000eab00000,0x00000000fb980000,0x00000000fb980000)
  from space 2048K, 82% used [0x00000000fb980000,0x00000000fbb28000,0x00000000fbb80000)
  to   space 2560K, 0% used [0x00000000fbd80000,0x00000000fbd80000,0x00000000fc000000)
 ParOldGen       total 622080K, used 516592K [0x00000000c0000000, 0x00000000e5f80000, 0x00000000eab00000)
  object space 622080K, 83% used [0x00000000c0000000,0x00000000df87c178,0x00000000e5f80000)
 Metaspace       used 14892K, capacity 15520K, committed 15616K, reserved 1062912K
  class space    used 2132K, capacity 2279K, committed 2304K, reserved 1048576K
Event: 37.991 GC heap after
Heap after GC invocations=143 (full 31):
 PSYoungGen      total 279040K, used 384K [0x00000000eab00000, 0x00000000fbe80000, 0x0000000100000000)
  eden space 278016K, 0% used [0x00000000eab00000,0x00000000eab00000,0x00000000fba80000)
  from space 1024K, 37% used [0x00000000fbd80000,0x00000000fbde0000,0x00000000fbe80000)
  to   space 2048K, 0% used [0x00000000fba80000,0x00000000fba80000,0x00000000fbc80000)
 ParOldGen       total 622080K, used 516592K [0x00000000c0000000, 0x00000000e5f80000, 0x00000000eab00000)
  object space 622080K, 83% used [0x00000000c0000000,0x00000000df87c178,0x00000000e5f80000)
 Metaspace       used 14892K, capacity 15520K, committed 15616K, reserved 1062912K
  class space    used 2132K, capacity 2279K, committed 2304K, reserved 1048576K
}

